
> qie-ssr@0.1.0 build /Users/qietv/git/qie-ssr
> next build

- info Loaded env from /Users/qietv/git/qie-ssr/.env.production
- info Loaded env from /Users/qietv/git/qie-ssr/.env
- info Creating an optimized production build...
- info Compiled successfully
- info Linting and checking validity of types...
- info Collecting page data...
- info Generating static pages (0/14)
- info Generating static pages (3/14)
- info Generating static pages (6/14)
- info Generating static pages (10/14)
- info Generating static pages (14/14)
- info Finalizing page optimization...

Route (app)                                Size     First Load JS
┌ ○ /                                      345 B          83.3 kB
├ ○ /about                                 0 B                0 B
├ λ /account                               0 B                0 B
├ λ /api                                   0 B                0 B
├ ○ /blog                                  0 B                0 B
├ λ /blog/[...slug]                        0 B                0 B
├ ○ /dashboard                             181 B          77.4 kB
├ ○ /dashboard/settings                    179 B          77.4 kB
├ ○ /favicon.ico                           0 B                0 B
├ ○ /feed                                  963 B          88.6 kB
├ λ /feed/(...)photo/[id]                  0 B                0 B
├ ○ /parallel                              179 B          77.4 kB
├ ○ /parallel                              179 B          77.4 kB
├ ○ /parallel                              179 B          77.4 kB
├ λ /photo/[id]                            219 B          82.2 kB
├ ○ /slot                                  178 B          83.1 kB
└ ○ /slot/login                            0 B                0 B
+ First Load JS shared by all              77.3 kB
  ├ chunks/269-4634af073e0ab361.js         24.7 kB
  ├ chunks/c7147067-24f23a558c00e504.js    50.5 kB
  ├ chunks/main-app-ee9755d9b3a0ba0f.js    212 B
  └ chunks/webpack-40ebdef396263f17.js     1.8 kB

Route (pages)                              Size     First Load JS
─ ○ /404                                   181 B          79.1 kB
+ First Load JS shared by all              79 kB
  ├ chunks/framework-510ec8ffd65e1d01.js   45.1 kB
  ├ chunks/main-822113ebf55609e8.js        31.9 kB
  ├ chunks/pages/_app-39748c05be5a3030.js  195 B
  └ chunks/webpack-40ebdef396263f17.js     1.8 kB

ƒ Middleware                               18 kB

λ  (Server)  server-side renders at runtime (uses getInitialProps or getServerSideProps)
○  (Static)  automatically rendered as static HTML (uses no initial props)

